-------------------------------------------------------------------------------
Test set: com.mycompany.fubtimeout.fubTest
-------------------------------------------------------------------------------
Tests run: 1, Failures: 0, Errors: 1, Skipped: 0, Time elapsed: 0.205 sec <<< FAILURE!
fail(com.mycompany.fubtimeout.fubTest)  Time elapsed: 0.155 sec  <<< ERROR!
java.lang.Exception: test timed out after 30 milliseconds
	at org.apache.maven.surefire.booter.ForkingRunListener.writeTestOutput(ForkingRunListener.java:170)
	at org.apache.maven.surefire.report.ConsoleOutputCapture$ForwardingPrintStream.write(ConsoleOutputCapture.java:56)
	at sun.nio.cs.StreamEncoder.writeBytes(StreamEncoder.java:221)
	at sun.nio.cs.StreamEncoder.implFlushBuffer(StreamEncoder.java:291)
	at sun.nio.cs.StreamEncoder.flushBuffer(StreamEncoder.java:104)
	at java.io.OutputStreamWriter.flushBuffer(OutputStreamWriter.java:185)
	at java.io.PrintStream.write(PrintStream.java:527)
	at java.io.PrintStream.print(PrintStream.java:669)
	at com.mycompany.fubtimeout.App.calcFub(App.java:14)
	at com.mycompany.fubtimeout.App.calcFub(App.java:15)
	at com.mycompany.fubtimeout.App.calcFub(App.java:15)
	at com.mycompany.fubtimeout.App.calcFub(App.java:15)
	at com.mycompany.fubtimeout.App.calcFub(App.java:15)
	at com.mycompany.fubtimeout.App.calcFub(App.java:15)
	at com.mycompany.fubtimeout.App.calcFub(App.java:15)
	at com.mycompany.fubtimeout.App.calcFub(App.java:15)
	at com.mycompany.fubtimeout.App.calcFub(App.java:15)
	at com.mycompany.fubtimeout.App.calcFub(App.java:15)
	at com.mycompany.fubtimeout.App.calcFub(App.java:15)
	at com.mycompany.fubtimeout.App.calcFub(App.java:15)
	at com.mycompany.fubtimeout.App.calcFub(App.java:15)
	at com.mycompany.fubtimeout.App.calcFub(App.java:15)
	at com.mycompany.fubtimeout.App.calcFub(App.java:15)
	at com.mycompany.fubtimeout.App.calcFub(App.java:15)
	at com.mycompany.fubtimeout.App.calcFub(App.java:15)
	at com.mycompany.fubtimeout.App.calcFub(App.java:15)
	at com.mycompany.fubtimeout.App.calcFub(App.java:15)
	at com.mycompany.fubtimeout.App.calcFub(App.java:15)
	at com.mycompany.fubtimeout.App.calcFub(App.java:15)
	at com.mycompany.fubtimeout.App.calcFub(App.java:15)
	at com.mycompany.fubtimeout.App.calcFub(App.java:15)
	at com.mycompany.fubtimeout.App.calcFub(App.java:15)
	at com.mycompany.fubtimeout.App.calcFub(App.java:15)
	at com.mycompany.fubtimeout.App.calcFub(App.java:15)
	at com.mycompany.fubtimeout.App.calcFub(App.java:15)
	at com.mycompany.fubtimeout.App.calcFub(App.java:15)
	at com.mycompany.fubtimeout.App.calcFub(App.java:15)
	at com.mycompany.fubtimeout.App.calcFub(App.java:15)
	at com.mycompany.fubtimeout.App.calcFub(App.java:15)
	at com.mycompany.fubtimeout.App.calcFub(App.java:15)
	at com.mycompany.fubtimeout.App.calcFub(App.java:15)
	at com.mycompany.fubtimeout.App.calcFub(App.java:15)
	at com.mycompany.fubtimeout.App.calcFub(App.java:15)
	at com.mycompany.fubtimeout.App.calcFub(App.java:15)
	at com.mycompany.fubtimeout.App.calcFub(App.java:15)
	at com.mycompany.fubtimeout.App.calcFub(App.java:15)
	at com.mycompany.fubtimeout.App.calcFub(App.java:15)
	at com.mycompany.fubtimeout.App.calcFub(App.java:15)
	at com.mycompany.fubtimeout.App.calcFub(App.java:15)
	at com.mycompany.fubtimeout.App.calcFub(App.java:15)
	at com.mycompany.fubtimeout.App.calcFub(App.java:15)
	at com.mycompany.fubtimeout.App.calcFub(App.java:15)
	at com.mycompany.fubtimeout.App.calcFub(App.java:15)
	at com.mycompany.fubtimeout.App.calcFub(App.java:15)
	at com.mycompany.fubtimeout.App.calcFub(App.java:15)
	at com.mycompany.fubtimeout.App.calcFub(App.java:15)
	at com.mycompany.fubtimeout.App.calcFub(App.java:15)
	at com.mycompany.fubtimeout.App.calcFub(App.java:15)
	at com.mycompany.fubtimeout.App.calcFub(App.java:15)
	at com.mycompany.fubtimeout.App.calcFub(App.java:15)
	at com.mycompany.fubtimeout.App.calcFub(App.java:15)
	at com.mycompany.fubtimeout.App.calcFub(App.java:15)
	at com.mycompany.fubtimeout.App.calcFub(App.java:15)
	at com.mycompany.fubtimeout.App.calcFub(App.java:15)
	at com.mycompany.fubtimeout.App.calcFub(App.java:15)
	at com.mycompany.fubtimeout.App.calcFub(App.java:15)
	at com.mycompany.fubtimeout.App.calcFub(App.java:15)
	at com.mycompany.fubtimeout.App.calcFub(App.java:15)
	at com.mycompany.fubtimeout.App.calcFub(App.java:15)
	at com.mycompany.fubtimeout.App.calcFub(App.java:15)
	at com.mycompany.fubtimeout.App.calcFub(App.java:15)
	at com.mycompany.fubtimeout.App.calcFub(App.java:15)
	at com.mycompany.fubtimeout.App.calcFub(App.java:15)
	at com.mycompany.fubtimeout.App.calcFub(App.java:15)
	at com.mycompany.fubtimeout.App.calcFub(App.java:15)
	at com.mycompany.fubtimeout.App.calcFub(App.java:15)
	at com.mycompany.fubtimeout.App.calcFub(App.java:15)
	at com.mycompany.fubtimeout.App.calcFub(App.java:15)
	at com.mycompany.fubtimeout.App.calcFub(App.java:15)
	at com.mycompany.fubtimeout.App.calcFub(App.java:15)
	at com.mycompany.fubtimeout.App.calcFub(App.java:15)
	at com.mycompany.fubtimeout.App.calcFub(App.java:15)
	at com.mycompany.fubtimeout.App.calcFub(App.java:15)
	at com.mycompany.fubtimeout.App.calcFub(App.java:15)
	at com.mycompany.fubtimeout.App.calcFub(App.java:15)
	at com.mycompany.fubtimeout.App.calcFub(App.java:15)
	at com.mycompany.fubtimeout.App.calcFub(App.java:15)
	at com.mycompany.fubtimeout.App.calcFub(App.java:15)
	at com.mycompany.fubtimeout.App.calcFub(App.java:15)
	at com.mycompany.fubtimeout.App.calcFub(App.java:15)
	at com.mycompany.fubtimeout.App.calcFub(App.java:15)
	at com.mycompany.fubtimeout.App.calcFub(App.java:15)
	at com.mycompany.fubtimeout.App.calcFub(App.java:15)
	at com.mycompany.fubtimeout.App.calcFub(App.java:15)
	at com.mycompany.fubtimeout.App.calcFub(App.java:15)
	at com.mycompany.fubtimeout.App.calcFub(App.java:15)
	at com.mycompany.fubtimeout.App.calcFub(App.java:15)
	at com.mycompany.fubtimeout.App.calcFub(App.java:15)
	at com.mycompany.fubtimeout.App.calcFub(App.java:15)
	at com.mycompany.fubtimeout.App.calcFub(App.java:15)
	at com.mycompany.fubtimeout.App.calcFub(App.java:15)
	at com.mycompany.fubtimeout.App.calcFub(App.java:15)
	at com.mycompany.fubtimeout.App.calcFub(App.java:15)
	at com.mycompany.fubtimeout.App.calcFub(App.java:15)
	at com.mycompany.fubtimeout.App.calcFub(App.java:15)
	at com.mycompany.fubtimeout.App.calcFub(App.java:15)
	at com.mycompany.fubtimeout.App.calcFub(App.java:15)
	at com.mycompany.fubtimeout.App.calcFub(App.java:15)
	at com.mycompany.fubtimeout.App.calcFub(App.java:15)
	at com.mycompany.fubtimeout.App.calcFub(App.java:15)
	at com.mycompany.fubtimeout.App.calcFub(App.java:15)
	at com.mycompany.fubtimeout.App.calcFub(App.java:15)
	at com.mycompany.fubtimeout.App.calcFub(App.java:15)
	at com.mycompany.fubtimeout.App.calcFub(App.java:15)
	at com.mycompany.fubtimeout.App.calcFub(App.java:15)
	at com.mycompany.fubtimeout.App.calcFub(App.java:15)
	at com.mycompany.fubtimeout.App.calcFub(App.java:15)
	at com.mycompany.fubtimeout.App.calcFub(App.java:15)
	at com.mycompany.fubtimeout.App.calcFub(App.java:15)
	at com.mycompany.fubtimeout.App.calcFub(App.java:15)
	at com.mycompany.fubtimeout.App.calcFub(App.java:15)
	at com.mycompany.fubtimeout.App.calcFub(App.java:15)
	at com.mycompany.fubtimeout.App.calcFub(App.java:15)
	at com.mycompany.fubtimeout.App.calcFub(App.java:15)
	at com.mycompany.fubtimeout.App.calcFub(App.java:15)
	at com.mycompany.fubtimeout.App.calcFub(App.java:15)
	at com.mycompany.fubtimeout.App.calcFub(App.java:15)
	at com.mycompany.fubtimeout.App.calcFub(App.java:15)
	at com.mycompany.fubtimeout.App.calcFub(App.java:15)
	at com.mycompany.fubtimeout.App.calcFub(App.java:15)
	at com.mycompany.fubtimeout.App.calcFub(App.java:15)
	at com.mycompany.fubtimeout.App.calcFub(App.java:15)
	at com.mycompany.fubtimeout.App.calcFub(App.java:15)
	at com.mycompany.fubtimeout.App.calcFub(App.java:15)
	at com.mycompany.fubtimeout.App.calcFub(App.java:15)
	at com.mycompany.fubtimeout.App.calcFub(App.java:15)
	at com.mycompany.fubtimeout.App.calcFub(App.java:15)
	at com.mycompany.fubtimeout.App.calcFub(App.java:15)
	at com.mycompany.fubtimeout.App.calcFub(App.java:15)
	at com.mycompany.fubtimeout.App.calcFub(App.java:15)
	at com.mycompany.fubtimeout.App.calcFub(App.java:15)
	at com.mycompany.fubtimeout.App.calcFub(App.java:15)
	at com.mycompany.fubtimeout.App.calcFub(App.java:15)
	at com.mycompany.fubtimeout.App.calcFub(App.java:15)
	at com.mycompany.fubtimeout.App.calcFub(App.java:15)
	at com.mycompany.fubtimeout.App.calcFub(App.java:15)
	at com.mycompany.fubtimeout.App.calcFub(App.java:15)
	at com.mycompany.fubtimeout.App.calcFub(App.java:15)
	at com.mycompany.fubtimeout.App.calcFub(App.java:15)
	at com.mycompany.fubtimeout.App.calcFub(App.java:15)
	at com.mycompany.fubtimeout.App.calcFub(App.java:15)
	at com.mycompany.fubtimeout.App.calcFub(App.java:15)
	at com.mycompany.fubtimeout.App.calcFub(App.java:15)
	at com.mycompany.fubtimeout.App.calcFub(App.java:15)
	at com.mycompany.fubtimeout.App.calcFub(App.java:15)
	at com.mycompany.fubtimeout.App.calcFub(App.java:15)
	at com.mycompany.fubtimeout.App.calcFub(App.java:15)
	at com.mycompany.fubtimeout.App.calcFub(App.java:15)
	at com.mycompany.fubtimeout.App.calcFub(App.java:15)
	at com.mycompany.fubtimeout.App.calcFub(App.java:15)
	at com.mycompany.fubtimeout.App.calcFub(App.java:15)
	at com.mycompany.fubtimeout.App.calcFub(App.java:15)
	at com.mycompany.fubtimeout.App.calcFub(App.java:15)
	at com.mycompany.fubtimeout.App.calcFub(App.java:15)
	at com.mycompany.fubtimeout.App.calcFub(App.java:15)
	at com.mycompany.fubtimeout.App.calcFub(App.java:15)
	at com.mycompany.fubtimeout.App.calcFub(App.java:15)
	at com.mycompany.fubtimeout.App.calcFub(App.java:15)
	at com.mycompany.fubtimeout.App.calcFub(App.java:15)
	at com.mycompany.fubtimeout.App.calcFub(App.java:15)
	at com.mycompany.fubtimeout.App.calcFub(App.java:15)
	at com.mycompany.fubtimeout.App.calcFub(App.java:15)
	at com.mycompany.fubtimeout.App.calcFub(App.java:15)
	at com.mycompany.fubtimeout.App.calcFub(App.java:15)
	at com.mycompany.fubtimeout.App.calcFub(App.java:15)
	at com.mycompany.fubtimeout.App.calcFub(App.java:15)
	at com.mycompany.fubtimeout.App.calcFub(App.java:15)
	at com.mycompany.fubtimeout.App.calcFub(App.java:15)
	at com.mycompany.fubtimeout.App.calcFub(App.java:15)
	at com.mycompany.fubtimeout.App.calcFub(App.java:15)
	at com.mycompany.fubtimeout.App.calcFub(App.java:15)
	at com.mycompany.fubtimeout.App.calcFub(App.java:15)
	at com.mycompany.fubtimeout.App.calcFub(App.java:15)
	at com.mycompany.fubtimeout.App.calcFub(App.java:15)
	at com.mycompany.fubtimeout.App.calcFub(App.java:15)
	at com.mycompany.fubtimeout.App.calcFub(App.java:15)
	at com.mycompany.fubtimeout.App.calcFub(App.java:15)
	at com.mycompany.fubtimeout.App.calcFub(App.java:15)
	at com.mycompany.fubtimeout.App.calcFub(App.java:15)
	at com.mycompany.fubtimeout.App.calcFub(App.java:15)
	at com.mycompany.fubtimeout.App.calcFub(App.java:15)
	at com.mycompany.fubtimeout.App.calcFub(App.java:15)
	at com.mycompany.fubtimeout.App.calcFub(App.java:15)
	at com.mycompany.fubtimeout.App.calcFub(App.java:15)
	at com.mycompany.fubtimeout.App.calcFub(App.java:15)
	at com.mycompany.fubtimeout.App.calcFub(App.java:15)
	at com.mycompany.fubtimeout.App.calcFub(App.java:15)
	at com.mycompany.fubtimeout.App.calcFub(App.java:15)
	at com.mycompany.fubtimeout.App.calcFub(App.java:15)
	at com.mycompany.fubtimeout.App.calcFub(App.java:15)
	at com.mycompany.fubtimeout.App.calcFub(App.java:15)
	at com.mycompany.fubtimeout.App.calcFub(App.java:15)
	at com.mycompany.fubtimeout.App.calcFub(App.java:15)
	at com.mycompany.fubtimeout.App.calcFub(App.java:15)
	at com.mycompany.fubtimeout.App.calcFub(App.java:15)
	at com.mycompany.fubtimeout.App.calcFub(App.java:15)
	at com.mycompany.fubtimeout.App.calcFub(App.java:15)
	at com.mycompany.fubtimeout.App.calcFub(App.java:15)
	at com.mycompany.fubtimeout.App.calcFub(App.java:15)
	at com.mycompany.fubtimeout.App.calcFub(App.java:15)
	at com.mycompany.fubtimeout.App.calcFub(App.java:15)
	at com.mycompany.fubtimeout.App.calcFub(App.java:15)
	at com.mycompany.fubtimeout.App.calcFub(App.java:15)
	at com.mycompany.fubtimeout.App.calcFub(App.java:15)
	at com.mycompany.fubtimeout.App.calcFub(App.java:15)
	at com.mycompany.fubtimeout.App.calcFub(App.java:15)
	at com.mycompany.fubtimeout.App.calcFub(App.java:15)
	at com.mycompany.fubtimeout.App.calcFub(App.java:15)
	at com.mycompany.fubtimeout.App.calcFub(App.java:15)
	at com.mycompany.fubtimeout.App.calcFub(App.java:15)
	at com.mycompany.fubtimeout.App.calcFub(App.java:15)
	at com.mycompany.fubtimeout.App.calcFub(App.java:15)
	at com.mycompany.fubtimeout.App.calcFub(App.java:15)
	at com.mycompany.fubtimeout.App.calcFub(App.java:15)
	at com.mycompany.fubtimeout.App.calcFub(App.java:15)
	at com.mycompany.fubtimeout.App.calcFub(App.java:15)
	at com.mycompany.fubtimeout.App.calcFub(App.java:15)
	at com.mycompany.fubtimeout.App.calcFub(App.java:15)
	at com.mycompany.fubtimeout.App.calcFub(App.java:15)
	at com.mycompany.fubtimeout.App.calcFub(App.java:15)
	at com.mycompany.fubtimeout.App.calcFub(App.java:15)
	at com.mycompany.fubtimeout.App.calcFub(App.java:15)
	at com.mycompany.fubtimeout.App.calcFub(App.java:15)
	at com.mycompany.fubtimeout.App.calcFub(App.java:15)
	at com.mycompany.fubtimeout.App.calcFub(App.java:15)
	at com.mycompany.fubtimeout.App.calcFub(App.java:15)
	at com.mycompany.fubtimeout.App.calcFub(App.java:15)
	at com.mycompany.fubtimeout.App.calcFub(App.java:15)
	at com.mycompany.fubtimeout.App.calcFub(App.java:15)
	at com.mycompany.fubtimeout.App.calcFub(App.java:15)
	at com.mycompany.fubtimeout.App.calcFub(App.java:15)
	at com.mycompany.fubtimeout.App.calcFub(App.java:15)
	at com.mycompany.fubtimeout.App.calcFub(App.java:15)
	at com.mycompany.fubtimeout.App.calcFub(App.java:15)
	at com.mycompany.fubtimeout.App.calcFub(App.java:15)
	at com.mycompany.fubtimeout.App.calcFub(App.java:15)
	at com.mycompany.fubtimeout.App.calcFub(App.java:15)
	at com.mycompany.fubtimeout.App.calcFub(App.java:15)
	at com.mycompany.fubtimeout.App.calcFub(App.java:15)
	at com.mycompany.fubtimeout.App.calcFub(App.java:15)
	at com.mycompany.fubtimeout.App.calcFub(App.java:15)
	at com.mycompany.fubtimeout.App.calcFub(App.java:15)
	at com.mycompany.fubtimeout.App.calcFub(App.java:15)
	at com.mycompany.fubtimeout.App.calcFub(App.java:15)
	at com.mycompany.fubtimeout.App.calcFub(App.java:15)
	at com.mycompany.fubtimeout.App.calcFub(App.java:15)
	at com.mycompany.fubtimeout.App.calcFub(App.java:15)
	at com.mycompany.fubtimeout.App.calcFub(App.java:15)
	at com.mycompany.fubtimeout.App.calcFub(App.java:15)
	at com.mycompany.fubtimeout.App.calcFub(App.java:15)
	at com.mycompany.fubtimeout.App.calcFub(App.java:15)
	at com.mycompany.fubtimeout.App.calcFub(App.java:15)
	at com.mycompany.fubtimeout.App.calcFub(App.java:15)
	at com.mycompany.fubtimeout.App.calcFub(App.java:15)
	at com.mycompany.fubtimeout.App.calcFub(App.java:15)
	at com.mycompany.fubtimeout.App.calcFub(App.java:15)
	at com.mycompany.fubtimeout.App.calcFub(App.java:15)
	at com.mycompany.fubtimeout.App.calcFub(App.java:15)
	at com.mycompany.fubtimeout.App.calcFub(App.java:15)
	at com.mycompany.fubtimeout.App.calcFub(App.java:15)
	at com.mycompany.fubtimeout.App.calcFub(App.java:15)
	at com.mycompany.fubtimeout.App.calcFub(App.java:15)
	at com.mycompany.fubtimeout.App.calcFub(App.java:15)
	at com.mycompany.fubtimeout.App.calcFub(App.java:15)
	at com.mycompany.fubtimeout.App.calcFub(App.java:15)
	at com.mycompany.fubtimeout.App.calcFub(App.java:15)
	at com.mycompany.fubtimeout.App.calcFub(App.java:15)
	at com.mycompany.fubtimeout.App.calcFub(App.java:15)
	at com.mycompany.fubtimeout.App.calcFub(App.java:15)
	at com.mycompany.fubtimeout.App.calcFub(App.java:15)
	at com.mycompany.fubtimeout.App.calcFub(App.java:15)
	at com.mycompany.fubtimeout.App.calcFub(App.java:15)
	at com.mycompany.fubtimeout.App.calcFub(App.java:15)
	at com.mycompany.fubtimeout.App.calcFub(App.java:15)
	at com.mycompany.fubtimeout.App.calcFub(App.java:15)
	at com.mycompany.fubtimeout.App.calcFub(App.java:15)
	at com.mycompany.fubtimeout.App.calcFub(App.java:15)
	at com.mycompany.fubtimeout.App.calcFub(App.java:15)
	at com.mycompany.fubtimeout.App.calcFub(App.java:15)
	at com.mycompany.fubtimeout.App.calcFub(App.java:15)
	at com.mycompany.fubtimeout.App.calcFub(App.java:15)
	at com.mycompany.fubtimeout.App.calcFub(App.java:15)
	at com.mycompany.fubtimeout.App.calcFub(App.java:15)
	at com.mycompany.fubtimeout.App.calcFub(App.java:15)
	at com.mycompany.fubtimeout.App.calcFub(App.java:15)
	at com.mycompany.fubtimeout.App.calcFub(App.java:15)
	at com.mycompany.fubtimeout.App.calcFub(App.java:15)
	at com.mycompany.fubtimeout.App.calcFub(App.java:15)
	at com.mycompany.fubtimeout.App.calcFub(App.java:15)
	at com.mycompany.fubtimeout.App.calcFub(App.java:15)
	at com.mycompany.fubtimeout.App.calcFub(App.java:15)
	at com.mycompany.fubtimeout.App.calcFub(App.java:15)
	at com.mycompany.fubtimeout.App.calcFub(App.java:15)
	at com.mycompany.fubtimeout.App.calcFub(App.java:15)
	at com.mycompany.fubtimeout.App.calcFub(App.java:15)
	at com.mycompany.fubtimeout.App.calcFub(App.java:15)
	at com.mycompany.fubtimeout.App.calcFub(App.java:15)
	at com.mycompany.fubtimeout.App.calcFub(App.java:15)
	at com.mycompany.fubtimeout.App.calcFub(App.java:15)
	at com.mycompany.fubtimeout.App.calcFub(App.java:15)
	at com.mycompany.fubtimeout.App.calcFub(App.java:15)
	at com.mycompany.fubtimeout.App.calcFub(App.java:15)
	at com.mycompany.fubtimeout.App.calcFub(App.java:15)
	at com.mycompany.fubtimeout.App.calcFub(App.java:15)
	at com.mycompany.fubtimeout.App.calcFub(App.java:15)
	at com.mycompany.fubtimeout.App.calcFub(App.java:15)
	at com.mycompany.fubtimeout.App.calcFub(App.java:15)
	at com.mycompany.fubtimeout.App.calcFub(App.java:15)
	at com.mycompany.fubtimeout.App.calcFub(App.java:15)
	at com.mycompany.fubtimeout.App.calcFub(App.java:15)
	at com.mycompany.fubtimeout.App.calcFub(App.java:15)
	at com.mycompany.fubtimeout.App.calcFub(App.java:15)
	at com.mycompany.fubtimeout.App.calcFub(App.java:15)
	at com.mycompany.fubtimeout.App.calcFub(App.java:15)
	at com.mycompany.fubtimeout.App.calcFub(App.java:15)
	at com.mycompany.fubtimeout.App.calcFub(App.java:15)
	at com.mycompany.fubtimeout.App.calcFub(App.java:15)
	at com.mycompany.fubtimeout.App.calcFub(App.java:15)
	at com.mycompany.fubtimeout.App.calcFub(App.java:15)
	at com.mycompany.fubtimeout.App.calcFub(App.java:15)
	at com.mycompany.fubtimeout.App.calcFub(App.java:15)
	at com.mycompany.fubtimeout.App.calcFub(App.java:15)
	at com.mycompany.fubtimeout.App.calcFub(App.java:15)
	at com.mycompany.fubtimeout.App.calcFub(App.java:15)
	at com.mycompany.fubtimeout.App.calcFub(App.java:15)
	at com.mycompany.fubtimeout.App.calcFub(App.java:15)
	at com.mycompany.fubtimeout.App.calcFub(App.java:15)
	at com.mycompany.fubtimeout.App.calcFub(App.java:15)
	at com.mycompany.fubtimeout.App.calcFub(App.java:15)
	at com.mycompany.fubtimeout.App.calcFub(App.java:15)
	at com.mycompany.fubtimeout.App.calcFub(App.java:15)
	at com.mycompany.fubtimeout.App.calcFub(App.java:15)
	at com.mycompany.fubtimeout.App.calcFub(App.java:15)
	at com.mycompany.fubtimeout.App.calcFub(App.java:15)
	at com.mycompany.fubtimeout.App.calcFub(App.java:15)
	at com.mycompany.fubtimeout.App.calcFub(App.java:15)
	at com.mycompany.fubtimeout.App.calcFub(App.java:15)
	at com.mycompany.fubtimeout.App.calcFub(App.java:15)
	at com.mycompany.fubtimeout.App.calcFub(App.java:15)
	at com.mycompany.fubtimeout.App.calcFub(App.java:15)
	at com.mycompany.fubtimeout.App.calcFub(App.java:15)
	at com.mycompany.fubtimeout.App.calcFub(App.java:15)
	at com.mycompany.fubtimeout.App.calcFub(App.java:15)
	at com.mycompany.fubtimeout.App.calcFub(App.java:15)
	at com.mycompany.fubtimeout.App.calcFub(App.java:15)
	at com.mycompany.fubtimeout.App.calcFub(App.java:15)
	at com.mycompany.fubtimeout.App.calcFub(App.java:15)
	at com.mycompany.fubtimeout.App.calcFub(App.java:15)
	at com.mycompany.fubtimeout.App.calcFub(App.java:15)
	at com.mycompany.fubtimeout.App.calcFub(App.java:15)
	at com.mycompany.fubtimeout.App.calcFub(App.java:15)
	at com.mycompany.fubtimeout.App.calcFub(App.java:15)
	at com.mycompany.fubtimeout.App.calcFub(App.java:15)
	at com.mycompany.fubtimeout.App.calcFub(App.java:15)
	at com.mycompany.fubtimeout.App.calcFub(App.java:15)
	at com.mycompany.fubtimeout.App.calcFub(App.java:15)
	at com.mycompany.fubtimeout.App.calcFub(App.java:15)
	at com.mycompany.fubtimeout.App.calcFub(App.java:15)
	at com.mycompany.fubtimeout.App.calcFub(App.java:15)
	at com.mycompany.fubtimeout.App.calcFub(App.java:15)
	at com.mycompany.fubtimeout.App.calcFub(App.java:15)
	at com.mycompany.fubtimeout.App.calcFub(App.java:15)
	at com.mycompany.fubtimeout.App.calcFub(App.java:15)
	at com.mycompany.fubtimeout.App.calcFub(App.java:15)
	at com.mycompany.fubtimeout.App.calcFub(App.java:15)
	at com.mycompany.fubtimeout.App.calcFub(App.java:15)
	at com.mycompany.fubtimeout.App.calcFub(App.java:15)
	at com.mycompany.fubtimeout.App.calcFub(App.java:15)
	at com.mycompany.fubtimeout.App.calcFub(App.java:15)
	at com.mycompany.fubtimeout.fubTest.fail(fubTest.java:31)
	at sun.reflect.NativeMethodAccessorImpl.invoke0(Native Method)
	at sun.reflect.NativeMethodAccessorImpl.invoke(NativeMethodAccessorImpl.java:57)
	at sun.reflect.DelegatingMethodAccessorImpl.invoke(DelegatingMethodAccessorImpl.java:43)
	at java.lang.reflect.Method.invoke(Method.java:606)
	at org.junit.runners.model.FrameworkMethod$1.runReflectiveCall(FrameworkMethod.java:45)
	at org.junit.internal.runners.model.ReflectiveCallable.run(ReflectiveCallable.java:15)
	at org.junit.runners.model.FrameworkMethod.invokeExplosively(FrameworkMethod.java:42)
	at org.junit.internal.runners.statements.InvokeMethod.evaluate(InvokeMethod.java:20)
	at org.junit.internal.runners.statements.FailOnTimeout$StatementThread.run(FailOnTimeout.java:62)
