<?xml version="1.0" encoding="UTF-8" ?>
<testsuite failures="0" time="0.205" errors="1" skipped="0" tests="1" name="com.mycompany.fubtimeout.fubTest">
  <properties>
[...]
</properties>
  <testcase time="0.155" classname="com.mycompany.fubtimeout.fubTest" name="fail">
    <error message="test timed out after 30 milliseconds" type="java.lang.Exception">java.lang.Exception: test timed out after 30 milliseconds
	at org.apache.maven.surefire.booter.ForkingRunListener.writeTestOutput(ForkingRunListener.java:170)
	at org.apache.maven.surefire.report.ConsoleOutputCapture$ForwardingPrintStream.write(ConsoleOutputCapture.java:56)
	at sun.nio.cs.StreamEncoder.writeBytes(StreamEncoder.java:221)
	at sun.nio.cs.StreamEncoder.implFlushBuffer(StreamEncoder.java:291)
	at sun.nio.cs.StreamEncoder.flushBuffer(StreamEncoder.java:104)
	at java.io.OutputStreamWriter.flushBuffer(OutputStreamWriter.java:185)
	at java.io.PrintStream.write(PrintStream.java:527)
	at java.io.PrintStream.print(PrintStream.java:669)
	at com.mycompany.fubtimeout.App.calcFub(App.java:14)
	at com.mycompany.fubtimeout.App.calcFub(App.java:15)
	at com.mycompany.fubtimeout.App.calcFub(App.java:15)
	at com.mycompany.fubtimeout.App.calcFub(App.java:15)
	at com.mycompany.fubtimeout.App.calcFub(App.java:15)
	at com.mycompany.fubtimeout.App.calcFub(App.java:15)
	at com.mycompany.fubtimeout.App.calcFub(App.java:15)
	at com.mycompany.fubtimeout.App.calcFub(App.java:15)
	at com.mycompany.fubtimeout.App.calcFub(App.java:15)
	at com.mycompany.fubtimeout.App.calcFub(App.java:15)
	at com.mycompany.fubtimeout.App.calcFub(App.java:15)
	at com.mycompany.fubtimeout.App.calcFub(App.java:15)
	at com.mycompany.fubtimeout.App.calcFub(App.java:15)
	at com.mycompany.fubtimeout.App.calcFub(App.java:15)
	at com.mycompany.fubtimeout.App.calcFub(App.java:15)
	at com.mycompany.fubtimeout.App.calcFub(App.java:15)
	at com.mycompany.fubtimeout.App.calcFub(App.java:15)
	at com.mycompany.fubtimeout.App.calcFub(App.java:15)
	at com.mycompany.fubtimeout.App.calcFub(App.java:15)
	at com.mycompany.fubtimeout.App.calcFub(App.java:15)
	at com.mycompany.fubtimeout.App.calcFub(App.java:15)
	at com.mycompany.fubtimeout.App.calcFub(App.java:15)
	at com.mycompany.fubtimeout.App.calcFub(App.java:15)
	at com.mycompany.fubtimeout.App.calcFub(App.java:15)
	at com.mycompany.fubtimeout.App.calcFub(App.java:15)
	at com.mycompany.fubtimeout.App.calcFub(App.java:15)
	at com.mycompany.fubtimeout.App.calcFub(App.java:15)
	at com.mycompany.fubtimeout.App.calcFub(App.java:15)
	at com.mycompany.fubtimeout.App.calcFub(App.java:15)
	at com.mycompany.fubtimeout.App.calcFub(App.java:15)
	at com.mycompany.fubtimeout.App.calcFub(App.java:15)
	at com.mycompany.fubtimeout.App.calcFub(App.java:15)
	at com.mycompany.fubtimeout.App.calcFub(App.java:15)
	at com.mycompany.fubtimeout.App.calcFub(App.java:15)
	at com.mycompany.fubtimeout.App.calcFub(App.java:15)
	at com.mycompany.fubtimeout.App.calcFub(App.java:15)
	at com.mycompany.fubtimeout.App.calcFub(App.java:15)
	at com.mycompany.fubtimeout.App.calcFub(App.java:15)
	at com.mycompany.fubtimeout.App.calcFub(App.java:15)
	at com.mycompany.fubtimeout.App.calcFub(App.java:15)
	at com.mycompany.fubtimeout.App.calcFub(App.java:15)
	at com.mycompany.fubtimeout.App.calcFub(App.java:15)
	at com.mycompany.fubtimeout.App.calcFub(App.java:15)
	at com.mycompany.fubtimeout.App.calcFub(App.java:15)
	at com.mycompany.fubtimeout.App.calcFub(App.java:15)
	at com.mycompany.fubtimeout.App.calcFub(App.java:15)
	at com.mycompany.fubtimeout.App.calcFub(App.java:15)
	at com.mycompany.fubtimeout.App.calcFub(App.java:15)
	at com.mycompany.fubtimeout.App.calcFub(App.java:15)
	at com.mycompany.fubtimeout.App.calcFub(App.java:15)
	at com.mycompany.fubtimeout.App.calcFub(App.java:15)
	at com.mycompany.fubtimeout.App.calcFub(App.java:15)
	at com.mycompany.fubtimeout.App.calcFub(App.java:15)
	at com.mycompany.fubtimeout.App.calcFub(App.java:15)
	at com.mycompany.fubtimeout.App.calcFub(App.java:15)
	at com.mycompany.fubtimeout.App.calcFub(App.java:15)
	at com.mycompany.fubtimeout.App.calcFub(App.java:15)
	at com.mycompany.fubtimeout.App.calcFub(App.java:15)
	at com.mycompany.fubtimeout.App.calcFub(App.java:15)
	at com.mycompany.fubtimeout.App.calcFub(App.java:15)
	at com.mycompany.fubtimeout.App.calcFub(App.java:15)
	at com.mycompany.fubtimeout.App.calcFub(App.java:15)
	at com.mycompany.fubtimeout.App.calcFub(App.java:15)
	at com.mycompany.fubtimeout.App.calcFub(App.java:15)
	at com.mycompany.fubtimeout.App.calcFub(App.java:15)
	at com.mycompany.fubtimeout.App.calcFub(App.java:15)
	at com.mycompany.fubtimeout.App.calcFub(App.java:15)
	at com.mycompany.fubtimeout.App.calcFub(App.java:15)
	at com.mycompany.fubtimeout.App.calcFub(App.java:15)
	at com.mycompany.fubtimeout.App.calcFub(App.java:15)
	at com.mycompany.fubtimeout.App.calcFub(App.java:15)
	at com.mycompany.fubtimeout.App.calcFub(App.java:15)
	at com.mycompany.fubtimeout.App.calcFub(App.java:15)
	at com.mycompany.fubtimeout.App.calcFub(App.java:15)
	at com.mycompany.fubtimeout.App.calcFub(App.java:15)
	at com.mycompany.fubtimeout.App.calcFub(App.java:15)
	at com.mycompany.fubtimeout.App.calcFub(App.java:15)
	at com.mycompany.fubtimeout.App.calcFub(App.java:15)
	at com.mycompany.fubtimeout.App.calcFub(App.java:15)
	at com.mycompany.fubtimeout.App.calcFub(App.java:15)
	at com.mycompany.fubtimeout.App.calcFub(App.java:15)
	at com.mycompany.fubtimeout.App.calcFub(App.java:15)
	at com.mycompany.fubtimeout.App.calcFub(App.java:15)
	at com.mycompany.fubtimeout.App.calcFub(App.java:15)
	at com.mycompany.fubtimeout.App.calcFub(App.java:15)
	at com.mycompany.fubtimeout.App.calcFub(App.java:15)
	at com.mycompany.fubtimeout.App.calcFub(App.java:15)
	at com.mycompany.fubtimeout.App.calcFub(App.java:15)
	at com.mycompany.fubtimeout.App.calcFub(App.java:15)
	at com.mycompany.fubtimeout.App.calcFub(App.java:15)
	at com.mycompany.fubtimeout.App.calcFub(App.java:15)
	at com.mycompany.fubtimeout.App.calcFub(App.java:15)
	at com.mycompany.fubtimeout.App.calcFub(App.java:15)
	at com.mycompany.fubtimeout.App.calcFub(App.java:15)
	at com.mycompany.fubtimeout.App.calcFub(App.java:15)
	at com.mycompany.fubtimeout.App.calcFub(App.java:15)
	at com.mycompany.fubtimeout.App.calcFub(App.java:15)
	at com.mycompany.fubtimeout.App.calcFub(App.java:15)
	at com.mycompany.fubtimeout.App.calcFub(App.java:15)
	at com.mycompany.fubtimeout.App.calcFub(App.java:15)
	at com.mycompany.fubtimeout.App.calcFub(App.java:15)
	at com.mycompany.fubtimeout.App.calcFub(App.java:15)
	at com.mycompany.fubtimeout.App.calcFub(App.java:15)
	at com.mycompany.fubtimeout.App.calcFub(App.java:15)
	at com.mycompany.fubtimeout.App.calcFub(App.java:15)
	at com.mycompany.fubtimeout.App.calcFub(App.java:15)
	at com.mycompany.fubtimeout.App.calcFub(App.java:15)
	at com.mycompany.fubtimeout.App.calcFub(App.java:15)
	at com.mycompany.fubtimeout.App.calcFub(App.java:15)
	at com.mycompany.fubtimeout.App.calcFub(App.java:15)
	at com.mycompany.fubtimeout.App.calcFub(App.java:15)
	at com.mycompany.fubtimeout.App.calcFub(App.java:15)
	at com.mycompany.fubtimeout.App.calcFub(App.java:15)
	at com.mycompany.fubtimeout.App.calcFub(App.java:15)
	at com.mycompany.fubtimeout.App.calcFub(App.java:15)
	at com.mycompany.fubtimeout.App.calcFub(App.java:15)
	at com.mycompany.fubtimeout.App.calcFub(App.java:15)
	at com.mycompany.fubtimeout.App.calcFub(App.java:15)
	at com.mycompany.fubtimeout.App.calcFub(App.java:15)
	at com.mycompany.fubtimeout.App.calcFub(App.java:15)
	at com.mycompany.fubtimeout.App.calcFub(App.java:15)
	at com.mycompany.fubtimeout.App.calcFub(App.java:15)
	at com.mycompany.fubtimeout.App.calcFub(App.java:15)
	at com.mycompany.fubtimeout.App.calcFub(App.java:15)
	at com.mycompany.fubtimeout.App.calcFub(App.java:15)
	at com.mycompany.fubtimeout.App.calcFub(App.java:15)
	at com.mycompany.fubtimeout.App.calcFub(App.java:15)
	at com.mycompany.fubtimeout.App.calcFub(App.java:15)
	at com.mycompany.fubtimeout.App.calcFub(App.java:15)
	at com.mycompany.fubtimeout.App.calcFub(App.java:15)
	at com.mycompany.fubtimeout.App.calcFub(App.java:15)
	at com.mycompany.fubtimeout.App.calcFub(App.java:15)
	at com.mycompany.fubtimeout.App.calcFub(App.java:15)
	at com.mycompany.fubtimeout.App.calcFub(App.java:15)
	at com.mycompany.fubtimeout.App.calcFub(App.java:15)
	at com.mycompany.fubtimeout.App.calcFub(App.java:15)
	at com.mycompany.fubtimeout.App.calcFub(App.java:15)
	at com.mycompany.fubtimeout.App.calcFub(App.java:15)
	at com.mycompany.fubtimeout.App.calcFub(App.java:15)
	at com.mycompany.fubtimeout.App.calcFub(App.java:15)
	at com.mycompany.fubtimeout.App.calcFub(App.java:15)
	at com.mycompany.fubtimeout.App.calcFub(App.java:15)
	at com.mycompany.fubtimeout.App.calcFub(App.java:15)
	at com.mycompany.fubtimeout.App.calcFub(App.java:15)
	at com.mycompany.fubtimeout.App.calcFub(App.java:15)
	at com.mycompany.fubtimeout.App.calcFub(App.java:15)
	at com.mycompany.fubtimeout.App.calcFub(App.java:15)
	at com.mycompany.fubtimeout.App.calcFub(App.java:15)
	at com.mycompany.fubtimeout.App.calcFub(App.java:15)
	at com.mycompany.fubtimeout.App.calcFub(App.java:15)
	at com.mycompany.fubtimeout.App.calcFub(App.java:15)
	at com.mycompany.fubtimeout.App.calcFub(App.java:15)
	at com.mycompany.fubtimeout.App.calcFub(App.java:15)
	at com.mycompany.fubtimeout.App.calcFub(App.java:15)
	at com.mycompany.fubtimeout.App.calcFub(App.java:15)
	at com.mycompany.fubtimeout.App.calcFub(App.java:15)
	at com.mycompany.fubtimeout.App.calcFub(App.java:15)
	at com.mycompany.fubtimeout.App.calcFub(App.java:15)
	at com.mycompany.fubtimeout.App.calcFub(App.java:15)
	at com.mycompany.fubtimeout.App.calcFub(App.java:15)
	at com.mycompany.fubtimeout.App.calcFub(App.java:15)
	at com.mycompany.fubtimeout.App.calcFub(App.java:15)
	at com.mycompany.fubtimeout.App.calcFub(App.java:15)
	at com.mycompany.fubtimeout.App.calcFub(App.java:15)
	at com.mycompany.fubtimeout.App.calcFub(App.java:15)
	at com.mycompany.fubtimeout.App.calcFub(App.java:15)
	at com.mycompany.fubtimeout.App.calcFub(App.java:15)
	at com.mycompany.fubtimeout.App.calcFub(App.java:15)
	at com.mycompany.fubtimeout.App.calcFub(App.java:15)
	at com.mycompany.fubtimeout.App.calcFub(App.java:15)
	at com.mycompany.fubtimeout.App.calcFub(App.java:15)
	at com.mycompany.fubtimeout.App.calcFub(App.java:15)
	at com.mycompany.fubtimeout.App.calcFub(App.java:15)
	at com.mycompany.fubtimeout.App.calcFub(App.java:15)
	at com.mycompany.fubtimeout.App.calcFub(App.java:15)
	at com.mycompany.fubtimeout.App.calcFub(App.java:15)
	at com.mycompany.fubtimeout.App.calcFub(App.java:15)
	at com.mycompany.fubtimeout.App.calcFub(App.java:15)
	at com.mycompany.fubtimeout.App.calcFub(App.java:15)
	at com.mycompany.fubtimeout.App.calcFub(App.java:15)
	at com.mycompany.fubtimeout.App.calcFub(App.java:15)
	at com.mycompany.fubtimeout.App.calcFub(App.java:15)
	at com.mycompany.fubtimeout.App.calcFub(App.java:15)
	at com.mycompany.fubtimeout.App.calcFub(App.java:15)
	at com.mycompany.fubtimeout.App.calcFub(App.java:15)
	at com.mycompany.fubtimeout.App.calcFub(App.java:15)
	at com.mycompany.fubtimeout.App.calcFub(App.java:15)
	at com.mycompany.fubtimeout.App.calcFub(App.java:15)
	at com.mycompany.fubtimeout.App.calcFub(App.java:15)
	at com.mycompany.fubtimeout.App.calcFub(App.java:15)
	at com.mycompany.fubtimeout.App.calcFub(App.java:15)
	at com.mycompany.fubtimeout.App.calcFub(App.java:15)
	at com.mycompany.fubtimeout.App.calcFub(App.java:15)
	at com.mycompany.fubtimeout.App.calcFub(App.java:15)
	at com.mycompany.fubtimeout.App.calcFub(App.java:15)
	at com.mycompany.fubtimeout.App.calcFub(App.java:15)
	at com.mycompany.fubtimeout.App.calcFub(App.java:15)
	at com.mycompany.fubtimeout.App.calcFub(App.java:15)
	at com.mycompany.fubtimeout.App.calcFub(App.java:15)
	at com.mycompany.fubtimeout.App.calcFub(App.java:15)
	at com.mycompany.fubtimeout.App.calcFub(App.java:15)
	at com.mycompany.fubtimeout.App.calcFub(App.java:15)
	at com.mycompany.fubtimeout.App.calcFub(App.java:15)
	at com.mycompany.fubtimeout.App.calcFub(App.java:15)
	at com.mycompany.fubtimeout.App.calcFub(App.java:15)
	at com.mycompany.fubtimeout.App.calcFub(App.java:15)
	at com.mycompany.fubtimeout.App.calcFub(App.java:15)
	at com.mycompany.fubtimeout.App.calcFub(App.java:15)
	at com.mycompany.fubtimeout.App.calcFub(App.java:15)
	at com.mycompany.fubtimeout.App.calcFub(App.java:15)
	at com.mycompany.fubtimeout.App.calcFub(App.java:15)
	at com.mycompany.fubtimeout.App.calcFub(App.java:15)
	at com.mycompany.fubtimeout.App.calcFub(App.java:15)
	at com.mycompany.fubtimeout.App.calcFub(App.java:15)
	at com.mycompany.fubtimeout.App.calcFub(App.java:15)
	at com.mycompany.fubtimeout.App.calcFub(App.java:15)
	at com.mycompany.fubtimeout.App.calcFub(App.java:15)
	at com.mycompany.fubtimeout.App.calcFub(App.java:15)
	at com.mycompany.fubtimeout.App.calcFub(App.java:15)
	at com.mycompany.fubtimeout.App.calcFub(App.java:15)
	at com.mycompany.fubtimeout.App.calcFub(App.java:15)
	at com.mycompany.fubtimeout.App.calcFub(App.java:15)
	at com.mycompany.fubtimeout.App.calcFub(App.java:15)
	at com.mycompany.fubtimeout.App.calcFub(App.java:15)
	at com.mycompany.fubtimeout.App.calcFub(App.java:15)
	at com.mycompany.fubtimeout.App.calcFub(App.java:15)
	at com.mycompany.fubtimeout.App.calcFub(App.java:15)
	at com.mycompany.fubtimeout.App.calcFub(App.java:15)
	at com.mycompany.fubtimeout.App.calcFub(App.java:15)
	at com.mycompany.fubtimeout.App.calcFub(App.java:15)
	at com.mycompany.fubtimeout.App.calcFub(App.java:15)
	at com.mycompany.fubtimeout.App.calcFub(App.java:15)
	at com.mycompany.fubtimeout.App.calcFub(App.java:15)
	at com.mycompany.fubtimeout.App.calcFub(App.java:15)
	at com.mycompany.fubtimeout.App.calcFub(App.java:15)
	at com.mycompany.fubtimeout.App.calcFub(App.java:15)
	at com.mycompany.fubtimeout.App.calcFub(App.java:15)
	at com.mycompany.fubtimeout.App.calcFub(App.java:15)
	at com.mycompany.fubtimeout.App.calcFub(App.java:15)
	at com.mycompany.fubtimeout.App.calcFub(App.java:15)
	at com.mycompany.fubtimeout.App.calcFub(App.java:15)
	at com.mycompany.fubtimeout.App.calcFub(App.java:15)
	at com.mycompany.fubtimeout.App.calcFub(App.java:15)
	at com.mycompany.fubtimeout.App.calcFub(App.java:15)
	at com.mycompany.fubtimeout.App.calcFub(App.java:15)
	at com.mycompany.fubtimeout.App.calcFub(App.java:15)
	at com.mycompany.fubtimeout.App.calcFub(App.java:15)
	at com.mycompany.fubtimeout.App.calcFub(App.java:15)
	at com.mycompany.fubtimeout.App.calcFub(App.java:15)
	at com.mycompany.fubtimeout.App.calcFub(App.java:15)
	at com.mycompany.fubtimeout.App.calcFub(App.java:15)
	at com.mycompany.fubtimeout.App.calcFub(App.java:15)
	at com.mycompany.fubtimeout.App.calcFub(App.java:15)
	at com.mycompany.fubtimeout.App.calcFub(App.java:15)
	at com.mycompany.fubtimeout.App.calcFub(App.java:15)
	at com.mycompany.fubtimeout.App.calcFub(App.java:15)
	at com.mycompany.fubtimeout.App.calcFub(App.java:15)
	at com.mycompany.fubtimeout.App.calcFub(App.java:15)
	at com.mycompany.fubtimeout.App.calcFub(App.java:15)
	at com.mycompany.fubtimeout.App.calcFub(App.java:15)
	at com.mycompany.fubtimeout.App.calcFub(App.java:15)
	at com.mycompany.fubtimeout.App.calcFub(App.java:15)
	at com.mycompany.fubtimeout.App.calcFub(App.java:15)
	at com.mycompany.fubtimeout.App.calcFub(App.java:15)
	at com.mycompany.fubtimeout.App.calcFub(App.java:15)
	at com.mycompany.fubtimeout.App.calcFub(App.java:15)
	at com.mycompany.fubtimeout.App.calcFub(App.java:15)
	at com.mycompany.fubtimeout.App.calcFub(App.java:15)
	at com.mycompany.fubtimeout.App.calcFub(App.java:15)
	at com.mycompany.fubtimeout.App.calcFub(App.java:15)
	at com.mycompany.fubtimeout.App.calcFub(App.java:15)
	at com.mycompany.fubtimeout.App.calcFub(App.java:15)
	at com.mycompany.fubtimeout.App.calcFub(App.java:15)
	at com.mycompany.fubtimeout.App.calcFub(App.java:15)
	at com.mycompany.fubtimeout.App.calcFub(App.java:15)
	at com.mycompany.fubtimeout.App.calcFub(App.java:15)
	at com.mycompany.fubtimeout.App.calcFub(App.java:15)
	at com.mycompany.fubtimeout.App.calcFub(App.java:15)
	at com.mycompany.fubtimeout.App.calcFub(App.java:15)
	at com.mycompany.fubtimeout.App.calcFub(App.java:15)
	at com.mycompany.fubtimeout.App.calcFub(App.java:15)
	at com.mycompany.fubtimeout.App.calcFub(App.java:15)
	at com.mycompany.fubtimeout.App.calcFub(App.java:15)
	at com.mycompany.fubtimeout.App.calcFub(App.java:15)
	at com.mycompany.fubtimeout.App.calcFub(App.java:15)
	at com.mycompany.fubtimeout.App.calcFub(App.java:15)
	at com.mycompany.fubtimeout.App.calcFub(App.java:15)
	at com.mycompany.fubtimeout.App.calcFub(App.java:15)
	at com.mycompany.fubtimeout.App.calcFub(App.java:15)
	at com.mycompany.fubtimeout.App.calcFub(App.java:15)
	at com.mycompany.fubtimeout.App.calcFub(App.java:15)
	at com.mycompany.fubtimeout.App.calcFub(App.java:15)
	at com.mycompany.fubtimeout.App.calcFub(App.java:15)
	at com.mycompany.fubtimeout.App.calcFub(App.java:15)
	at com.mycompany.fubtimeout.App.calcFub(App.java:15)
	at com.mycompany.fubtimeout.App.calcFub(App.java:15)
	at com.mycompany.fubtimeout.App.calcFub(App.java:15)
	at com.mycompany.fubtimeout.App.calcFub(App.java:15)
	at com.mycompany.fubtimeout.App.calcFub(App.java:15)
	at com.mycompany.fubtimeout.App.calcFub(App.java:15)
	at com.mycompany.fubtimeout.App.calcFub(App.java:15)
	at com.mycompany.fubtimeout.App.calcFub(App.java:15)
	at com.mycompany.fubtimeout.App.calcFub(App.java:15)
	at com.mycompany.fubtimeout.App.calcFub(App.java:15)
	at com.mycompany.fubtimeout.App.calcFub(App.java:15)
	at com.mycompany.fubtimeout.App.calcFub(App.java:15)
	at com.mycompany.fubtimeout.App.calcFub(App.java:15)
	at com.mycompany.fubtimeout.App.calcFub(App.java:15)
	at com.mycompany.fubtimeout.App.calcFub(App.java:15)
	at com.mycompany.fubtimeout.App.calcFub(App.java:15)
	at com.mycompany.fubtimeout.App.calcFub(App.java:15)
	at com.mycompany.fubtimeout.App.calcFub(App.java:15)
	at com.mycompany.fubtimeout.App.calcFub(App.java:15)
	at com.mycompany.fubtimeout.App.calcFub(App.java:15)
	at com.mycompany.fubtimeout.App.calcFub(App.java:15)
	at com.mycompany.fubtimeout.App.calcFub(App.java:15)
	at com.mycompany.fubtimeout.App.calcFub(App.java:15)
	at com.mycompany.fubtimeout.App.calcFub(App.java:15)
	at com.mycompany.fubtimeout.App.calcFub(App.java:15)
	at com.mycompany.fubtimeout.App.calcFub(App.java:15)
	at com.mycompany.fubtimeout.App.calcFub(App.java:15)
	at com.mycompany.fubtimeout.App.calcFub(App.java:15)
	at com.mycompany.fubtimeout.App.calcFub(App.java:15)
	at com.mycompany.fubtimeout.App.calcFub(App.java:15)
	at com.mycompany.fubtimeout.App.calcFub(App.java:15)
	at com.mycompany.fubtimeout.App.calcFub(App.java:15)
	at com.mycompany.fubtimeout.App.calcFub(App.java:15)
	at com.mycompany.fubtimeout.App.calcFub(App.java:15)
	at com.mycompany.fubtimeout.App.calcFub(App.java:15)
	at com.mycompany.fubtimeout.App.calcFub(App.java:15)
	at com.mycompany.fubtimeout.App.calcFub(App.java:15)
	at com.mycompany.fubtimeout.App.calcFub(App.java:15)
	at com.mycompany.fubtimeout.App.calcFub(App.java:15)
	at com.mycompany.fubtimeout.App.calcFub(App.java:15)
	at com.mycompany.fubtimeout.App.calcFub(App.java:15)
	at com.mycompany.fubtimeout.App.calcFub(App.java:15)
	at com.mycompany.fubtimeout.App.calcFub(App.java:15)
	at com.mycompany.fubtimeout.App.calcFub(App.java:15)
	at com.mycompany.fubtimeout.App.calcFub(App.java:15)
	at com.mycompany.fubtimeout.App.calcFub(App.java:15)
	at com.mycompany.fubtimeout.App.calcFub(App.java:15)
	at com.mycompany.fubtimeout.App.calcFub(App.java:15)
	at com.mycompany.fubtimeout.App.calcFub(App.java:15)
	at com.mycompany.fubtimeout.App.calcFub(App.java:15)
	at com.mycompany.fubtimeout.App.calcFub(App.java:15)
	at com.mycompany.fubtimeout.App.calcFub(App.java:15)
	at com.mycompany.fubtimeout.App.calcFub(App.java:15)
	at com.mycompany.fubtimeout.App.calcFub(App.java:15)
	at com.mycompany.fubtimeout.App.calcFub(App.java:15)
	at com.mycompany.fubtimeout.App.calcFub(App.java:15)
	at com.mycompany.fubtimeout.App.calcFub(App.java:15)
	at com.mycompany.fubtimeout.App.calcFub(App.java:15)
	at com.mycompany.fubtimeout.App.calcFub(App.java:15)
	at com.mycompany.fubtimeout.App.calcFub(App.java:15)
	at com.mycompany.fubtimeout.App.calcFub(App.java:15)
	at com.mycompany.fubtimeout.App.calcFub(App.java:15)
	at com.mycompany.fubtimeout.App.calcFub(App.java:15)
	at com.mycompany.fubtimeout.App.calcFub(App.java:15)
	at com.mycompany.fubtimeout.App.calcFub(App.java:15)
	at com.mycompany.fubtimeout.App.calcFub(App.java:15)
	at com.mycompany.fubtimeout.App.calcFub(App.java:15)
	at com.mycompany.fubtimeout.App.calcFub(App.java:15)
	at com.mycompany.fubtimeout.App.calcFub(App.java:15)
	at com.mycompany.fubtimeout.App.calcFub(App.java:15)
	at com.mycompany.fubtimeout.App.calcFub(App.java:15)
	at com.mycompany.fubtimeout.App.calcFub(App.java:15)
	at com.mycompany.fubtimeout.App.calcFub(App.java:15)
	at com.mycompany.fubtimeout.App.calcFub(App.java:15)
	at com.mycompany.fubtimeout.App.calcFub(App.java:15)
	at com.mycompany.fubtimeout.App.calcFub(App.java:15)
	at com.mycompany.fubtimeout.App.calcFub(App.java:15)
	at com.mycompany.fubtimeout.fubTest.fail(fubTest.java:31)
	at sun.reflect.NativeMethodAccessorImpl.invoke0(Native Method)
	at sun.reflect.NativeMethodAccessorImpl.invoke(NativeMethodAccessorImpl.java:57)
	at sun.reflect.DelegatingMethodAccessorImpl.invoke(DelegatingMethodAccessorImpl.java:43)
	at java.lang.reflect.Method.invoke(Method.java:606)
	at org.junit.runners.model.FrameworkMethod$1.runReflectiveCall(FrameworkMethod.java:45)
	at org.junit.internal.runners.model.ReflectiveCallable.run(ReflectiveCallable.java:15)
	at org.junit.runners.model.FrameworkMethod.invokeExplosively(FrameworkMethod.java:42)
	at org.junit.internal.runners.statements.InvokeMethod.evaluate(InvokeMethod.java:20)
	at org.junit.internal.runners.statements.FailOnTimeout$StatementThread.run(FailOnTimeout.java:62)
</error>
    <system-out>0, 1, 1, 2, 3, 5, 8, 13, 21, 34, 55, 89, 144, 233, 377, 610, 987, 1597, 2584, 4181, 6765, 10946, 17711, 28657, 46368, 75025, 121393, 196418, 317811, 514229, 832040, 1346269, 2178309, 3524578, 5702887, 9227465, 14930352, 24157817, 39088169, 63245986, 102334155, 165580141, 267914296, 433494437, 701408733, 1134903170, 1836311903, -1323752223, 512559680, -811192543, -298632863, -1109825406, -1408458269, 1776683621, 368225352, 2144908973, -1781832971, 363076002, -1418756969, -1055680967, 1820529360, 764848393, -1709589543, -944741150, 1640636603, 695895453, -1958435240, -1262539787, 1073992269, -188547518, 885444751, 696897233, 1582341984, -2015728079, -433386095, 1845853122, 1412467027, -1036647147, 375819880, -660827267, -285007387, -945834654, -1230842041, 2118290601, 887448560, -1289228135, -401779575, -1691007710, -2092787285, 511172301, -1581614984, -1070442683, 1642909629, 572466946, -2079590721, -1507123775, 708252800, -798870975, -90618175, -889489150, -980107325, -1869596475, 1445263496, -424332979, 1020930517, 596597538, 1617528055, -2080841703, -463313648, 1750811945, 1287498297, -1256657054, 30841243, -1225815811, -1194974568, 1874176917, 679202349, -1741588030, -1062385681, 1490993585, 428607904, 1919601489, -1946757903, -27156414, -1973914317, -2001070731, 319982248, -1681088483, -1361106235, 1252772578, -108333657, 1144438921, 1036105264, -2114423111, -1078317847, 1102226338, 23908491, 1126134829, 1150043320, -2018789147, -868745827, 1407432322, 538686495, 1946118817, -1810161984, 135956833, -1674205151, -1538248318, 1082513827, -455734491, 626779336, 171044845, 797824181, 968869026, 1766693207, -1559405063, 207288144, -1352116919, -1144828775, 1798021602, 653192827, -1843752867, -1190560040, 1260654389, 70094349, 1330748738, 1400843087, -1563375471, -162532384, -1725907855, -1888440239, 680619202, -1207821037, -527201835, -1735022872, 2032742589, 297719717, -1964504990, -1666785273, 663677033, -1003108240, -339431207, -1342539447, -1681970654, 1270457195, -411513459, 858943736, 447430277, 1306374013, 1753804290, -1234788993, 519015297, -715773696, -196758399, -912532095, -1109290494, -2021822589, 1163854213, -857968376, 305885837, -552082539, -246196702, -798279241, -1044475943, -1842755184, 1407736169, -435019015, 972717154, 537698139, 1510415293, 2048113432, -736438571, 1311674861, 575236290, 1886911151, -1832819855, 54091296, -1778728559, -1724637263, 791601474, -933035789, -141434315, -1074470104, -1215904419, 2004592773, 788688354, -1501686169, -712997815, 2080283312, 1367285497, -847398487, 519887010, -327511477, 192375533, -135135944, 57239589, -77896355, -20656766, -98553121, -119209887, -217763008, -336972895, -554735903, -891708798, -1446444701, 1956813797, 510369096, -1827784403, -1317415307, 1149767586, -167647721, 982119865, 814472144, 1796592009, -1683903143, 112688866, -1571214277, -1458525411, 1265227608, -193297803, 1071929805, 878632002, 1950561807, -1465773487, 484788320, -980985167, -496196847, -1477182014, -1973378861, 844406421, -1128972440, -284566019, -1413538459, -1698104478, 1183324359, -514780119, 668544240, 153764121, 822308361, 976072482, 1798380843, -1520513971, 277866872, -1242647099, -964780227, 2087539970, 1122759743, -1084667583, 38092160, -1046575423, -1008483263, -2055058686, 1231425347, -823633339, 407792008, -415841331, -8049323, -423890654, -431939977, -855830631, -1287770608, -2143601239, 863595449, -1280005790, -416410341, -1696416131, -2112826472, 485724693, -1627101779, -1141377086, 1526488431, 385111345, 1911599776, -1998256175, -86656399, -2084912574, 2123398323, 38485749, -2133083224, -2094597475, 67286597, -2027310878, -1960024281, 307632137, -1652392144, -1344760007, 1297815145, -46944862, 1250870283, 1203925421, -1840171592, -636246171, 1818549533, 1182303362, -1294114401, -111811039, -1405925440, -1517736479, 1371305377, -146431102, 1224874275, 1078443173, -1991649848, -913206675, 1390110773, 476904098, 1867014871, -1951048327, -84033456, -2035081783, -2119115239, 140770274, -1978344965, -1837574691, 479047640, -1358527051, -879479411, 2056960834, 1177481423, -1060525039, 116956384, -943568655, -826612271, -1770180926, 1698174099, -72006827, 1626167272, 1554160445, -1114639579, 439520866, -675118713, -235597847, -910716560, -1146314407, -2057030967, 1091621922, -965409045, 126212877, -839196168, -712983291, -1552179459, 2029804546, 477625087, -1787537663, -1309912576, 1197517057, -112395519, 1085121538, 972726019, 2057847557, -1264393720, 793453837, -470939883, 322513954, -148425929, 174088025, 25662096, 199750121, 225412217, 425162338, 650574555, 1075736893, 1726311448, -1492918955, 233392493, -1259526462, -1026133969, 2009306865, 983172896, -1302487535, -319314639, -1621802174, -1941116813, 732048309, -1209068504, -477020195, -1686088699, 2131858402, 445769703, -1717339191, -1271569488, 1306058617, 34489129, 1340547746, 1375036875, -1579382675, -204345800, -1783728475, -1988074275, 523164546, -1464909729, -941745183, 1888312384, 946567201, -1460087711, -513520510, -1973608221, 1807838565, -165769656, 1642068909, 1476299253, -1176599134, 299700119, -876899015, -577198896, -1454097911, -2031296807, 809572578, -1221724229, -412151651, -1633875880, -2046027531, 615063885, -1430963646, -815899761, 2048103889, 1232204128, -1014659279, 217544849, -797114430, -579569581, -1376684011, -1956253592, 962029693, -994223899, -32194206, -1026418105, -1058612311, -2085030416, 1151324569, -933705847, 217618722, -716087125, -498468403, -1214555528, -1713023931, 1367387837, -345636094, 1021751743, 676115649, 1697867392, -1920984255, -223116863, -2144101118, 1927749315, -216351803, 1711397512, 1495045709, -1088524075, 406521634, -682002441, -275480807, -957483248, -1232964055, 2104519993, 871555938, -1318891365, -447335427, -1766226792, 2081405077, 315178285, -1898383934, -1583205649, 813377713, -769827936, 43549777, -726278159, -682728382, -1409006541, -2091734923, 794225832, -1297509091, -503283259, -1800792350, 1990891687, 190099337, -2113976272, -1923876935, 257114089, -1666762846, -1409648757, 1218555693, -191093064, 1027462629, 836369565, 1863832194, -1594765537, 269066657, -1325698880, -1056632223, 1912636193, 856003970, -1526327133, -670323163, 2098317000, 1427993837, -768656459, 659337378, -109319081, 550018297, 440699216, 990717513, 1431416729, -1872833054, -441416325, 1980717917, 1539301592, -774947787, 764353805, -10593982, 753759823, 743165841, 1496925664, -2054875791, -557950127, 1682141378, </system-out>
  </testcase>
</testsuite>